proguard/mapping.txt
es.midominio.android.miaplicacion.MonActiviteDestinataire -> es.midominio.android.miaplicacion.MonActiviteDestinataire:
    void onCreate(android.os.Bundle) -> onCreate
es.midominio.android.miaplicacion.MonActivitePrincipale -> es.midominio.android.miaplicacion.MonActivitePrincipale:
    java.lang.String[][] ACTIVITES_PAR_CHAPITRE -> a
    void onCreate(android.os.Bundle) -> onCreate
    void onListItemClick(android.widget.ListView,android.view.View,int,long) -> onListItemClick
    void lanceActivite(int,int,int) -> a
    void access$0(es.midominio.android.miaplicacion.MonActivitePrincipale,int,int,int) -> a
es.midominio.android.miaplicacion.MonActivitePrincipale$1 -> es.midominio.android.miaplicacion.b:
    es.midominio.android.miaplicacion.MonActivitePrincipale this$0 -> a
    int val$nChap -> b
    int val$position -> c
    void onClick(android.content.DialogInterface,int) -> onClick
es.midominio.android.miaplicacion.SplashActivity -> es.midominio.android.miaplicacion.SplashActivity:
    void onCreate(android.os.Bundle) -> onCreate
es.midominio.android.miaplicacion.SplashActivity$1 -> es.midominio.android.miaplicacion.a:
    es.midominio.android.miaplicacion.SplashActivity this$0 -> a
    void run() -> run
es.midominio.android.miaplicacion.ex01.AutresWidgetsActivite -> es.midominio.android.miaplicacion.ex01.AutresWidgetsActivite:
    void onCreate(android.os.Bundle) -> onCreate
es.midominio.android.miaplicacion.ex01.Button1Activite -> es.midominio.android.miaplicacion.ex01.Button1Activite:
    void onCreate(android.os.Bundle) -> onCreate
    void onClickButton(android.view.View) -> onClickButton
es.midominio.android.miaplicacion.ex01.Button2Activite -> es.midominio.android.miaplicacion.ex01.Button2Activite:
    void onCreate(android.os.Bundle) -> onCreate
es.midominio.android.miaplicacion.ex01.Button2Activite$1 -> es.midominio.android.miaplicacion.ex01.a:
    es.midominio.android.miaplicacion.ex01.Button2Activite this$0 -> a
    android.widget.Button val$bouton -> b
    void onClick(android.view.View) -> onClick
es.midominio.android.miaplicacion.ex01.EditTextActivite -> es.midominio.android.miaplicacion.ex01.EditTextActivite:
    void onCreate(android.os.Bundle) -> onCreate
es.midominio.android.miaplicacion.ex01.MesuresEcranActivite -> es.midominio.android.miaplicacion.ex01.MesuresEcranActivite:
    void onCreate(android.os.Bundle) -> onCreate
es.midominio.android.miaplicacion.ex01.ModeDeclaratifActivite -> es.midominio.android.miaplicacion.ex01.ModeDeclaratifActivite:
    void onCreate(android.os.Bundle) -> onCreate
es.midominio.android.miaplicacion.ex01.ModeProgrammatiqueActivite -> es.midominio.android.miaplicacion.ex01.ModeProgrammatiqueActivite:
    android.widget.RelativeLayout mLayout -> a
    android.widget.TextView mTexte -> b
    void onCreate(android.os.Bundle) -> onCreate
    void onConfigurationChanged(android.content.res.Configuration) -> onConfigurationChanged
    void setValeursSelonOrientationEcran(int) -> a
es.midominio.android.miaplicacion.ex01.TextViewActivite -> es.midominio.android.miaplicacion.ex01.TextViewActivite:
    void onCreate(android.os.Bundle) -> onCreate
es.midominio.android.miaplicacion.ex02.CycleDeVieActivite -> es.midominio.android.miaplicacion.ex02.CycleDeVieActivite:
    void onCreate(android.os.Bundle) -> onCreate
    void onRestart() -> onRestart
    void onStart() -> onStart
    void onResume() -> onResume
    void onPause() -> onPause
    void onStop() -> onStop
    void onDestroy() -> onDestroy
es.midominio.android.miaplicacion.ex02.IntentionExpliciteActivite -> es.midominio.android.miaplicacion.ex02.IntentionExpliciteActivite:
    void onCreate(android.os.Bundle) -> onCreate
    void onClickButton(android.view.View) -> onClickButton
...
com.android.vending.licensing.AESObfuscator -> com.android.vending.licensing.o:
    byte[] IV -> a
    javax.crypto.Cipher mEncryptor -> b
    javax.crypto.Cipher mDecryptor -> c
    java.lang.String obfuscate(java.lang.String) -> a
    java.lang.String unobfuscate(java.lang.String) -> b
com.android.vending.licensing.DeviceLimiter -> com.android.vending.licensing.h:
    com.android.vending.licensing.Policy$LicenseResponse isDeviceAllowed$414f77c5() -> a
com.android.vending.licensing.ILicenseResultListener -> com.android.vending.licensing.e:
    void verifyLicense(int,java.lang.String,java.lang.String) -> a
com.android.vending.licensing.ILicenseResultListener$Stub -> com.android.vending.licensing.r:
    android.os.IBinder asBinder() -> asBinder
    boolean onTransact(int,android.os.Parcel,android.os.Parcel,int) -> onTransact
com.android.vending.licensing.ILicenseResultListener$Stub$Proxy -> com.android.vending.licensing.c:
    android.os.IBinder mRemote -> a
    android.os.IBinder asBinder() -> asBinder
    void verifyLicense(int,java.lang.String,java.lang.String) -> a
com.android.vending.licensing.ILicensingService -> com.android.vending.licensing.ILicensingService:
    void checkLicense(long,java.lang.String,com.android.vending.licensing.ILicenseResultListener) -> a
com.android.vending.licensing.ILicensingService$Stub -> com.android.vending.licensing.b:
    boolean onTransact(int,android.os.Parcel,android.os.Parcel,int) -> onTransact
com.android.vending.licensing.ILicensingService$Stub$Proxy -> com.android.vending.licensing.i:
    android.os.IBinder mRemote -> a
    android.os.IBinder asBinder() -> asBinder
    void checkLicense(long,java.lang.String,com.android.vending.licensing.ILicenseResultListener) -> a
com.android.vending.licensing.LicenseChecker -> com.android.vending.licensing.s:
    java.security.SecureRandom RANDOM -> a
    com.android.vending.licensing.ILicensingService mService -> b
    java.security.PublicKey mPublicKey -> c
    android.content.Context mContext -> d
    com.android.vending.licensing.Policy mPolicy -> e
    android.os.Handler mHandler -> f
    java.lang.String mPackageName -> g
    java.lang.String mVersionCode -> h
    java.util.Set mChecksInProgress -> i
    java.util.Queue mPendingChecks -> j
    java.security.PublicKey generatePublicKey(java.lang.String) -> a
    void checkAccess(com.android.vending.licensing.LicenseCheckerCallback) -> a
    void runChecks() -> b
    void finishCheck(com.android.vending.licensing.LicenseValidator) -> a
    void onServiceConnected(android.content.ComponentName,android.os.IBinder) -> onServiceConnected
    void onServiceDisconnected(android.content.ComponentName) -> onServiceDisconnected
    void handleServiceConnectionError(com.android.vending.licensing.LicenseValidator) -> b
    void cleanupService() -> c
    void onDestroy() -> a
    java.lang.String getVersionCode(android.content.Context,java.lang.String) -> a
    void access$0(com.android.vending.licensing.LicenseChecker,com.android.vending.licensing.LicenseValidator) -> a
    void access$1(com.android.vending.licensing.LicenseChecker,com.android.vending.licensing.LicenseValidator) -> b
com.android.vending.licensing.LicenseChecker$ResultListener -> com.android.vending.licensing.f:
    com.android.vending.licensing.LicenseValidator mValidator -> b
    java.lang.Runnable mOnTimeout -> c
    com.android.vending.licensing.LicenseChecker this$0 -> a
    void verifyLicense(int,java.lang.String,java.lang.String) -> a
    com.android.vending.licensing.LicenseValidator access$0(com.android.vending.licensing.LicenseChecker$ResultListener) -> a
    void access$1(com.android.vending.licensing.LicenseChecker$ResultListener) -> b
com.android.vending.licensing.LicenseChecker$ResultListener$1 -> com.android.vending.licensing.j:
    com.android.vending.licensing.LicenseChecker$ResultListener this$1 -> a
    void run() -> run